<?xml version="1.0" encoding="UTF-8"?>
<coverage generated="1621998694235" clover="3.2.0">
  <project timestamp="1621998694235" name="All files">
    <metrics statements="25" coveredstatements="8" conditionals="12" coveredconditionals="0" methods="7" coveredmethods="3" elements="44" coveredelements="11" complexity="0" loc="25" ncloc="25" packages="1" files="1" classes="1"/>
    <file name="LinkedList.js" path="/Users/nouraloudani/Development/code/algorithms-practice/problems/Linked-List-Implementation/LinkedList.js">
      <metrics statements="25" coveredstatements="8" conditionals="12" coveredconditionals="0" methods="7" coveredmethods="3"/>
      <line num="3" count="1" type="stmt"/>
      <line num="4" count="1" type="stmt"/>
      <line num="8" count="2" type="stmt"/>
      <line num="9" count="2" type="stmt"/>
      <line num="10" count="2" type="stmt"/>
      <line num="14" count="0" type="cond" truecount="0" falsecount="4"/>
      <line num="16" count="0" type="stmt"/>
      <line num="17" count="0" type="stmt"/>
      <line num="18" count="0" type="stmt"/>
      <line num="20" count="0" type="stmt"/>
      <line num="24" count="0" type="cond" truecount="0" falsecount="2"/>
      <line num="26" count="0" type="stmt"/>
      <line num="28" count="0" type="cond" truecount="0" falsecount="2"/>
      <line num="30" count="0" type="stmt"/>
      <line num="31" count="0" type="stmt"/>
      <line num="35" count="0" type="stmt"/>
      <line num="36" count="0" type="stmt"/>
      <line num="40" count="0" type="cond" truecount="0" falsecount="2"/>
      <line num="42" count="0" type="stmt"/>
      <line num="44" count="0" type="cond" truecount="0" falsecount="2"/>
      <line num="46" count="0" type="stmt"/>
      <line num="48" count="0" type="stmt"/>
      <line num="55" count="2" type="stmt"/>
      <line num="56" count="2" type="stmt"/>
      <line num="61" count="1" type="stmt"/>
    </file>
  </project>
</coverage>
