{"/Users/nouraloudani/Development/code/algorithms-practice/problems/Linked-List-Implementation/LinkedList.js": {"path":"/Users/nouraloudani/Development/code/algorithms-practice/problems/Linked-List-Implementation/LinkedList.js","statementMap":{"0":{"start":{"line":3,"column":8},"end":{"line":3,"column":24}},"1":{"start":{"line":4,"column":8},"end":{"line":4,"column":23}},"2":{"start":{"line":8,"column":22},"end":{"line":8,"column":47}},"3":{"start":{"line":9,"column":8},"end":{"line":9,"column":27}},"4":{"start":{"line":10,"column":8},"end":{"line":10,"column":22}},"5":{"start":{"line":14,"column":8},"end":{"line":14,"column":50}},"6":{"start":{"line":14,"column":39},"end":{"line":14,"column":50}},"7":{"start":{"line":16,"column":26},"end":{"line":16,"column":35}},"8":{"start":{"line":17,"column":8},"end":{"line":19,"column":9}},"9":{"start":{"line":17,"column":21},"end":{"line":17,"column":22}},"10":{"start":{"line":18,"column":12},"end":{"line":18,"column":42}},"11":{"start":{"line":20,"column":8},"end":{"line":20,"column":26}},"12":{"start":{"line":24,"column":8},"end":{"line":24,"column":55}},"13":{"start":{"line":24,"column":25},"end":{"line":24,"column":55}},"14":{"start":{"line":26,"column":25},"end":{"line":26,"column":47}},"15":{"start":{"line":28,"column":8},"end":{"line":28,"column":41}},"16":{"start":{"line":28,"column":30},"end":{"line":28,"column":41}},"17":{"start":{"line":30,"column":8},"end":{"line":30,"column":60}},"18":{"start":{"line":31,"column":8},"end":{"line":31,"column":22}},"19":{"start":{"line":35,"column":8},"end":{"line":35,"column":34}},"20":{"start":{"line":36,"column":8},"end":{"line":36,"column":17}},"21":{"start":{"line":40,"column":8},"end":{"line":40,"column":45}},"22":{"start":{"line":40,"column":21},"end":{"line":40,"column":45}},"23":{"start":{"line":42,"column":25},"end":{"line":42,"column":47}},"24":{"start":{"line":44,"column":8},"end":{"line":44,"column":41}},"25":{"start":{"line":44,"column":30},"end":{"line":44,"column":41}},"26":{"start":{"line":46,"column":8},"end":{"line":46,"column":38}},"27":{"start":{"line":48,"column":8},"end":{"line":48,"column":22}},"28":{"start":{"line":55,"column":8},"end":{"line":55,"column":26}},"29":{"start":{"line":56,"column":8},"end":{"line":56,"column":24}},"30":{"start":{"line":61,"column":0},"end":{"line":61,"column":27}}},"fnMap":{"0":{"name":"(anonymous_0)","decl":{"start":{"line":2,"column":4},"end":{"line":2,"column":5}},"loc":{"start":{"line":2,"column":17},"end":{"line":5,"column":5}},"line":2},"1":{"name":"(anonymous_1)","decl":{"start":{"line":7,"column":4},"end":{"line":7,"column":5}},"loc":{"start":{"line":7,"column":23},"end":{"line":11,"column":5}},"line":7},"2":{"name":"(anonymous_2)","decl":{"start":{"line":13,"column":4},"end":{"line":13,"column":5}},"loc":{"start":{"line":13,"column":18},"end":{"line":21,"column":5}},"line":13},"3":{"name":"(anonymous_3)","decl":{"start":{"line":23,"column":4},"end":{"line":23,"column":5}},"loc":{"start":{"line":23,"column":27},"end":{"line":32,"column":5}},"line":23},"4":{"name":"(anonymous_4)","decl":{"start":{"line":34,"column":4},"end":{"line":34,"column":5}},"loc":{"start":{"line":34,"column":17},"end":{"line":37,"column":5}},"line":34},"5":{"name":"(anonymous_5)","decl":{"start":{"line":39,"column":4},"end":{"line":39,"column":5}},"loc":{"start":{"line":39,"column":21},"end":{"line":50,"column":5}},"line":39},"6":{"name":"(anonymous_6)","decl":{"start":{"line":54,"column":4},"end":{"line":54,"column":5}},"loc":{"start":{"line":54,"column":29},"end":{"line":57,"column":5}},"line":54}},"branchMap":{"0":{"loc":{"start":{"line":14,"column":8},"end":{"line":14,"column":50}},"type":"if","locations":[{"start":{"line":14,"column":8},"end":{"line":14,"column":50}},{"start":{"line":14,"column":8},"end":{"line":14,"column":50}}],"line":14},"1":{"loc":{"start":{"line":14,"column":12},"end":{"line":14,"column":37}},"type":"binary-expr","locations":[{"start":{"line":14,"column":12},"end":{"line":14,"column":17}},{"start":{"line":14,"column":21},"end":{"line":14,"column":37}}],"line":14},"2":{"loc":{"start":{"line":24,"column":8},"end":{"line":24,"column":55}},"type":"if","locations":[{"start":{"line":24,"column":8},"end":{"line":24,"column":55}},{"start":{"line":24,"column":8},"end":{"line":24,"column":55}}],"line":24},"3":{"loc":{"start":{"line":28,"column":8},"end":{"line":28,"column":41}},"type":"if","locations":[{"start":{"line":28,"column":8},"end":{"line":28,"column":41}},{"start":{"line":28,"column":8},"end":{"line":28,"column":41}}],"line":28},"4":{"loc":{"start":{"line":40,"column":8},"end":{"line":40,"column":45}},"type":"if","locations":[{"start":{"line":40,"column":8},"end":{"line":40,"column":45}},{"start":{"line":40,"column":8},"end":{"line":40,"column":45}}],"line":40},"5":{"loc":{"start":{"line":44,"column":8},"end":{"line":44,"column":41}},"type":"if","locations":[{"start":{"line":44,"column":8},"end":{"line":44,"column":41}},{"start":{"line":44,"column":8},"end":{"line":44,"column":41}}],"line":44}},"s":{"0":1,"1":1,"2":2,"3":2,"4":2,"5":0,"6":0,"7":0,"8":0,"9":0,"10":0,"11":0,"12":0,"13":0,"14":0,"15":0,"16":0,"17":0,"18":0,"19":0,"20":0,"21":0,"22":0,"23":0,"24":0,"25":0,"26":0,"27":0,"28":2,"29":2,"30":1},"f":{"0":1,"1":2,"2":0,"3":0,"4":0,"5":0,"6":2},"b":{"0":[0,0],"1":[0,0],"2":[0,0],"3":[0,0],"4":[0,0],"5":[0,0]},"_coverageSchema":"1a1c01bbd47fc00a2c39e90264f33305004495a9","hash":"9b2791304ddd351681d7090725f717f279863088"}
}
