{"/Users/nouraloudani/Development/code/algorithms-practice/problems/Linked-List-Implementation/LinkedList.js": {"path":"/Users/nouraloudani/Development/code/algorithms-practice/problems/Linked-List-Implementation/LinkedList.js","statementMap":{"0":{"start":{"line":3,"column":8},"end":{"line":3,"column":24}},"1":{"start":{"line":4,"column":8},"end":{"line":4,"column":23}},"2":{"start":{"line":9,"column":22},"end":{"line":9,"column":47}},"3":{"start":{"line":10,"column":8},"end":{"line":10,"column":27}},"4":{"start":{"line":11,"column":8},"end":{"line":11,"column":22}},"5":{"start":{"line":15,"column":8},"end":{"line":15,"column":50}},"6":{"start":{"line":15,"column":39},"end":{"line":15,"column":50}},"7":{"start":{"line":16,"column":8},"end":{"line":16,"column":37}},"8":{"start":{"line":16,"column":21},"end":{"line":16,"column":37}},"9":{"start":{"line":18,"column":26},"end":{"line":18,"column":35}},"10":{"start":{"line":19,"column":8},"end":{"line":26,"column":9}},"11":{"start":{"line":19,"column":25},"end":{"line":19,"column":26}},"12":{"start":{"line":24,"column":12},"end":{"line":24,"column":42}},"13":{"start":{"line":27,"column":8},"end":{"line":27,"column":26}},"14":{"start":{"line":31,"column":8},"end":{"line":31,"column":51}},"15":{"start":{"line":31,"column":21},"end":{"line":31,"column":51}},"16":{"start":{"line":33,"column":25},"end":{"line":33,"column":47}},"17":{"start":{"line":35,"column":8},"end":{"line":35,"column":41}},"18":{"start":{"line":35,"column":30},"end":{"line":35,"column":41}},"19":{"start":{"line":37,"column":8},"end":{"line":37,"column":53}},"20":{"start":{"line":38,"column":8},"end":{"line":38,"column":22}},"21":{"start":{"line":42,"column":8},"end":{"line":42,"column":34}},"22":{"start":{"line":43,"column":8},"end":{"line":43,"column":22}},"23":{"start":{"line":47,"column":8},"end":{"line":47,"column":45}},"24":{"start":{"line":47,"column":21},"end":{"line":47,"column":45}},"25":{"start":{"line":49,"column":25},"end":{"line":49,"column":47}},"26":{"start":{"line":51,"column":8},"end":{"line":51,"column":41}},"27":{"start":{"line":51,"column":30},"end":{"line":51,"column":41}},"28":{"start":{"line":53,"column":8},"end":{"line":53,"column":42}},"29":{"start":{"line":55,"column":8},"end":{"line":55,"column":22}},"30":{"start":{"line":62,"column":8},"end":{"line":62,"column":26}},"31":{"start":{"line":63,"column":8},"end":{"line":63,"column":24}},"32":{"start":{"line":67,"column":0},"end":{"line":73,"column":1}},"33":{"start":{"line":68,"column":21},"end":{"line":68,"column":37}},"34":{"start":{"line":69,"column":4},"end":{"line":71,"column":5}},"35":{"start":{"line":69,"column":17},"end":{"line":69,"column":34}},"36":{"start":{"line":70,"column":8},"end":{"line":70,"column":42}},"37":{"start":{"line":72,"column":4},"end":{"line":72,"column":21}},"38":{"start":{"line":76,"column":0},"end":{"line":76,"column":27}}},"fnMap":{"0":{"name":"(anonymous_0)","decl":{"start":{"line":2,"column":4},"end":{"line":2,"column":5}},"loc":{"start":{"line":2,"column":17},"end":{"line":5,"column":5}},"line":2},"1":{"name":"(anonymous_1)","decl":{"start":{"line":8,"column":4},"end":{"line":8,"column":5}},"loc":{"start":{"line":8,"column":23},"end":{"line":12,"column":5}},"line":8},"2":{"name":"(anonymous_2)","decl":{"start":{"line":14,"column":4},"end":{"line":14,"column":5}},"loc":{"start":{"line":14,"column":18},"end":{"line":28,"column":5}},"line":14},"3":{"name":"(anonymous_3)","decl":{"start":{"line":30,"column":4},"end":{"line":30,"column":5}},"loc":{"start":{"line":30,"column":27},"end":{"line":39,"column":5}},"line":30},"4":{"name":"(anonymous_4)","decl":{"start":{"line":41,"column":4},"end":{"line":41,"column":5}},"loc":{"start":{"line":41,"column":17},"end":{"line":44,"column":5}},"line":41},"5":{"name":"(anonymous_5)","decl":{"start":{"line":46,"column":4},"end":{"line":46,"column":5}},"loc":{"start":{"line":46,"column":21},"end":{"line":57,"column":5}},"line":46},"6":{"name":"(anonymous_6)","decl":{"start":{"line":61,"column":4},"end":{"line":61,"column":5}},"loc":{"start":{"line":61,"column":29},"end":{"line":64,"column":5}},"line":61},"7":{"name":"(anonymous_7)","decl":{"start":{"line":67,"column":24},"end":{"line":67,"column":25}},"loc":{"start":{"line":67,"column":44},"end":{"line":73,"column":1}},"line":67}},"branchMap":{"0":{"loc":{"start":{"line":15,"column":8},"end":{"line":15,"column":50}},"type":"if","locations":[{"start":{"line":15,"column":8},"end":{"line":15,"column":50}},{"start":{"line":15,"column":8},"end":{"line":15,"column":50}}],"line":15},"1":{"loc":{"start":{"line":15,"column":12},"end":{"line":15,"column":37}},"type":"binary-expr","locations":[{"start":{"line":15,"column":12},"end":{"line":15,"column":17}},{"start":{"line":15,"column":21},"end":{"line":15,"column":37}}],"line":15},"2":{"loc":{"start":{"line":16,"column":8},"end":{"line":16,"column":37}},"type":"if","locations":[{"start":{"line":16,"column":8},"end":{"line":16,"column":37}},{"start":{"line":16,"column":8},"end":{"line":16,"column":37}}],"line":16},"3":{"loc":{"start":{"line":31,"column":8},"end":{"line":31,"column":51}},"type":"if","locations":[{"start":{"line":31,"column":8},"end":{"line":31,"column":51}},{"start":{"line":31,"column":8},"end":{"line":31,"column":51}}],"line":31},"4":{"loc":{"start":{"line":35,"column":8},"end":{"line":35,"column":41}},"type":"if","locations":[{"start":{"line":35,"column":8},"end":{"line":35,"column":41}},{"start":{"line":35,"column":8},"end":{"line":35,"column":41}}],"line":35},"5":{"loc":{"start":{"line":47,"column":8},"end":{"line":47,"column":45}},"type":"if","locations":[{"start":{"line":47,"column":8},"end":{"line":47,"column":45}},{"start":{"line":47,"column":8},"end":{"line":47,"column":45}}],"line":47},"6":{"loc":{"start":{"line":51,"column":8},"end":{"line":51,"column":41}},"type":"if","locations":[{"start":{"line":51,"column":8},"end":{"line":51,"column":41}},{"start":{"line":51,"column":8},"end":{"line":51,"column":41}}],"line":51}},"s":{"0":14,"1":14,"2":48,"3":48,"4":48,"5":14,"6":6,"7":8,"8":1,"9":7,"10":7,"11":7,"12":14,"13":7,"14":4,"15":1,"16":3,"17":3,"18":2,"19":1,"20":1,"21":2,"22":2,"23":4,"24":1,"25":3,"26":3,"27":2,"28":1,"29":1,"30":49,"31":49,"32":1,"33":13,"34":13,"35":13,"36":45,"37":13,"38":1},"f":{"0":14,"1":48,"2":14,"3":4,"4":2,"5":4,"6":49,"7":13},"b":{"0":[6,8],"1":[14,11],"2":[1,7],"3":[1,3],"4":[2,1],"5":[1,3],"6":[2,1]},"_coverageSchema":"1a1c01bbd47fc00a2c39e90264f33305004495a9","hash":"e70a2689f61252e49792facad89e5432b6478194"}
}
