TN:
SF:LinkedList.js
FN:2,(anonymous_0)
FN:8,(anonymous_1)
FN:14,(anonymous_2)
FN:30,(anonymous_3)
FN:41,(anonymous_4)
FN:46,(anonymous_5)
FN:61,(anonymous_6)
FN:67,(anonymous_7)
FNF:8
FNH:8
FNDA:14,(anonymous_0)
FNDA:48,(anonymous_1)
FNDA:14,(anonymous_2)
FNDA:4,(anonymous_3)
FNDA:2,(anonymous_4)
FNDA:4,(anonymous_5)
FNDA:49,(anonymous_6)
FNDA:13,(anonymous_7)
DA:3,14
DA:4,14
DA:9,48
DA:10,48
DA:11,48
DA:15,14
DA:16,8
DA:18,7
DA:19,7
DA:24,14
DA:27,7
DA:31,4
DA:33,3
DA:35,3
DA:37,1
DA:38,1
DA:42,2
DA:43,2
DA:47,4
DA:49,3
DA:51,3
DA:53,1
DA:55,1
DA:62,49
DA:63,49
DA:67,1
DA:68,13
DA:69,13
DA:70,45
DA:72,13
DA:76,1
LF:31
LH:31
BRDA:15,0,0,6
BRDA:15,0,1,8
BRDA:15,1,0,14
BRDA:15,1,1,11
BRDA:16,2,0,1
BRDA:16,2,1,7
BRDA:31,3,0,1
BRDA:31,3,1,3
BRDA:35,4,0,2
BRDA:35,4,1,1
BRDA:47,5,0,1
BRDA:47,5,1,3
BRDA:51,6,0,2
BRDA:51,6,1,1
BRF:14
BRH:14
end_of_record
